Some messages have been moved to the Issues panel.
Mixed Content: The page at '<URL>' was loaded over HTTPS, but requested an insecure element '<URL>'. This request was automatically upgraded to HTTPS, For more information see <URL>
Mixed Content: The page at '<URL>' was loaded over HTTPS, but requested an insecure element '<URL>'. This request was automatically upgraded to HTTPS, For more information see <URL>
Mixed Content: The page at '<URL>' was loaded over HTTPS, but requested an insecure element '<URL>'. This request was automatically upgraded to HTTPS, For more information see <URL>
Mixed Content: The page at '<URL>' was loaded over HTTPS, but requested an insecure element '<URL>'. This request was automatically upgraded to HTTPS, For more information see <URL>
Mixed Content: The page at '<URL>' was loaded over HTTPS, but requested an insecure element '<URL>'. This request was automatically upgraded to HTTPS, For more information see <URL>
Mixed Content: The page at '<URL>' was loaded over HTTPS, but requested an insecure element '<URL>'. This request was automatically upgraded to HTTPS, For more information see <URL>
profile:1 Tracking Prevention blocked access to storage for https://gravatar.com/avatar/92c876e10f0d5502313d3b7e470b4c6d?s=130.
profile:1 [DOM] Found 2 elements with non-unique id #coinpaymentsbutton: (More info: https://www.chromium.org/developers/design-documents/create-amazing-password-forms) <button class=​"btn btn-lg btn-primary" type=​"button" name=​"coinpaymentsbutton" id=​"coinpaymentsbutton">​
            Buy Pro Upgrade for $10.00 with CoinPayments!​</button>​ <button class=​"btn btn-lg btn-primary" type=​"button" name=​"coinpaymentsbutton" id=​"coinpaymentsbutton">​
            Buy Gold Upgrade for $15.00 with CoinPayments!​</button>​
profile:1 [DOM] Found 2 elements with non-unique id #coinpaymentsbuttonform: (More info: https://www.chromium.org/developers/design-documents/create-amazing-password-forms) <form method=​"post" id=​"coinpaymentsbuttonform" action=​"https:​/​/​www.coinpayments.net/​index.php" accept-charset=​"UTF-8" class=​"form-horizontal form-page-small">​…​</form>​ <form method=​"post" id=​"coinpaymentsbuttonform" action=​"https:​/​/​www.coinpayments.net/​index.php" accept-charset=​"UTF-8" class=​"form-horizontal form-page-small">​…​</form>​
profile:1 [DOM] Found 2 elements with non-unique id #coinpaymentspendingId: (More info: https://www.chromium.org/developers/design-documents/create-amazing-password-forms) <input type=​"hidden" name=​"custom" id=​"coinpaymentspendingId" value>​ <input type=​"hidden" name=​"custom" id=​"coinpaymentspendingId" value>​
profile:1 [DOM] Found 2 elements with non-unique id #coinpaymentsusernamefieldforads: (More info: https://www.chromium.org/developers/design-documents/create-amazing-password-forms) <input type=​"hidden" id=​"coinpaymentsusernamefieldforads" value=​"sabrina">​ <input type=​"hidden" id=​"coinpaymentsusernamefieldforads" value=​"sabrina">​
profile:1 [DOM] Found 2 elements with non-unique id #paypalbutton: (More info: https://www.chromium.org/developers/design-documents/create-amazing-password-forms) <button class=​"btn btn-lg btn-primary" type=​"button" name=​"paypalbutton" id=​"paypalbutton">​
            Buy Pro Upgrade for $10.00 with Paypal!​</button>​ <button class=​"btn btn-lg btn-primary" type=​"button" name=​"paypalbutton" id=​"paypalbutton">​
            Buy Gold Upgrade for $15.00 with Paypal!​</button>​
profile:1 [DOM] Found 2 elements with non-unique id #paypalbuttonform: (More info: https://www.chromium.org/developers/design-documents/create-amazing-password-forms) <form method=​"POST" id=​"paypalbuttonform" action=​"https:​/​/​www.paypal.com/​cgi-bin/​webscr" accept-charset=​"UTF-8" class=​"form-horizontal form-page-small">​…​</form>​ <form method=​"POST" id=​"paypalbuttonform" action=​"https:​/​/​www.paypal.com/​cgi-bin/​webscr" accept-charset=​"UTF-8" class=​"form-horizontal form-page-small">​…​</form>​
profile:1 [DOM] Found 2 elements with non-unique id #paypalpendingId: (More info: https://www.chromium.org/developers/design-documents/create-amazing-password-forms) <input name=​"os0" id=​"paypalpendingId" type=​"hidden" value>​ <input name=​"os0" id=​"paypalpendingId" type=​"hidden" value>​
profile:1 [DOM] Found 2 elements with non-unique id #paypalusernamefieldforads: (More info: https://www.chromium.org/developers/design-documents/create-amazing-password-forms) <input type=​"hidden" id=​"paypalusernamefieldforads" value=​"sabrina">​ <input type=​"hidden" id=​"paypalusernamefieldforads" value=​"sabrina">​
